<?xml version="1.0" encoding="UTF-8"?>
<!-- Generated by org.testng.reporters.JUnitReportReporter -->
<testsuite hostname="LAPTOP-MCT1TB6C" failures="0" tests="1" name="com.adactin.Demo" time="10.990" errors="0" timestamp="2024-05-29T17:41:44 IST" skipped="0">
  <testcase classname="com.adactin.Demo" name="LaunchBrowser" time="10.990"/>
  <system-out/>
</testsuite> <!-- com.adactin.Demo -->
